250305	17:57:07	67d172e0-da39-441b-a60a-c329c9d01237	GET	/	undefined
250305	17:57:07	b5f1009f-4c7f-4128-a6d5-50d60a658ed4	GET	/css/style.css	undefined
250305	19:48:17	c623b3bd-6881-48af-940e-2b4bccf492f7	OPTIONS	/	https://www.google.com
250305	19:48:17	488fb8b2-ab03-475a-8800-1c111b1daa50	GET	/	https://www.google.com
250305	19:50:48	6863db2c-7c59-46b7-ae71-ee61544de307	OPTIONS	/	https://www.google.com
250305	19:50:48	6f39d0a0-28c0-4859-8c82-8e908bccc908	GET	/	https://www.google.com
250305	20:09:01	3b7327f2-5034-4085-b238-6f73e19a14de	OPTIONS	/	https://www.google.com
250305	20:09:01	e0fbcd81-cd20-481d-87e7-20c2a92a3d3e	GET	/	https://www.google.com
250305	20:09:09	1e287e09-346e-428e-8abc-4db213e52a7e	OPTIONS	/	https://www.google.com
250305	20:09:09	bdf76189-847d-4db4-ac0c-87d809aced28	GET	/	https://www.google.com
250305	20:09:25	18ea750c-3ebd-4d5a-8714-d3d5979de763	OPTIONS	/	https://www.google.com
250305	20:09:25	2a08a7bf-15e3-47f5-88a2-93435971c27c	GET	/	https://www.google.com
250305	20:18:31	6b2b4506-14c1-4a7e-ad41-9f6fe37d7328	OPTIONS	/	https://www.google.com
250305	20:18:31	1541a81d-f983-4a87-9483-94b2b1bad43b	GET	/	https://www.google.com
250306	15:07:31	747cc1c2-1c7f-4605-8f46-aedd3ea0740c	GET	/users	undefined
250306	15:08:48	51efbda2-b49f-4c40-91cf-589d20e53e34	GET	/users	undefined
250306	15:10:50	49837be5-30a1-4f38-92b7-66a703c9953e	POST	/users	undefined
250306	15:10:58	ea2245cf-ffc8-4765-85aa-96a49ce52c12	GET	/users	undefined
250306	15:12:33	88b5b514-df91-4dc3-9731-1d850df1e317	POST	/users	undefined
250306	15:12:45	55a9daa5-9519-4253-b945-82f750daed29	POST	/users	undefined
250306	15:12:56	236f28f4-027e-45de-b213-14dbfa373d4e	POST	/users	undefined
250306	15:13:01	61d000ff-42de-4e5d-84d3-90cc48c698bd	POST	/users	undefined
250306	15:13:23	18682b90-97ff-4eb7-ae0b-3d65cdf8fb2e	POST	/users	undefined
250306	15:13:57	2c5a087e-b9cf-4e4e-b586-492fb279cd50	POST	/users	undefined
250306	15:14:04	eddf6457-2a77-4865-b0d8-59810ed3039d	POST	/users	undefined
250306	15:15:34	b4a48384-1e4a-47ea-9d6b-734111e7fcd8	GET	/users	undefined
250306	15:16:02	9adc9f25-590e-4e3b-9ea7-664143be76e4	PATCH	/users	undefined
250306	15:16:45	1febe399-b474-42cd-a733-8ccf154a5b92	PATCH	/users	undefined
250306	15:16:45	67e77992-8228-434f-9845-557cd0af405f	PATCH	/users	undefined
250306	15:16:50	dd2bd3f7-5d7e-4e2a-9545-ec84f75231c0	PATCH	/users	undefined
250306	15:17:55	2629d965-d911-47b7-a0c1-a555b34ac53a	PATCH	/users	undefined
250306	15:17:56	8714e600-91c5-450e-8e2c-71e004e430f0	PATCH	/users	undefined
250306	15:17:57	3da39fa9-446c-4885-8dda-7a1221adf89c	PATCH	/users	undefined
250306	15:18:04	44d73272-e736-4243-98e5-e82eea70ccfe	PATCH	/users	undefined
250306	15:18:57	3558fa11-65c8-40b4-85b0-ae09c46e8793	PATCH	/users	undefined
250306	15:19:03	ac872bbd-fbe5-4b0a-ac8d-06d7e1f92754	GET	/users	undefined
250306	15:19:14	d143c06d-4fba-492a-b3d1-fe046a5e1785	PATCH	/users	undefined
250306	15:20:31	de7b82b8-950b-4b7f-aeb6-f04f206ce9ef	PATCH	/users	undefined
250306	15:20:51	759a9382-19cb-468f-afb6-5ebc562266c5	PATCH	/users	undefined
250306	15:21:29	e2cad08d-39c6-4df5-9cd3-a527dd0cf884	PATCH	/users	undefined
250306	15:21:33	030889dd-348b-4931-8480-4ad50cb1702e	PATCH	/users	undefined
250306	15:21:45	6b58d318-2e82-4902-a623-17eaac2ad127	PATCH	/users	undefined
250306	15:22:22	111afa96-a502-448f-8038-6c28e6f67df6	PATCH	/users	undefined
250306	15:22:36	014d35a7-838f-40ef-84c2-0459b72fffa0	PATCH	/users	undefined
250306	15:24:22	b59e9f5a-ac3e-42c4-9f0f-f8ae94ef4139	PATCH	/users	undefined
250306	15:25:05	8f20d4e2-9589-4bd1-a0cc-61f27689725f	PATCH	/users	undefined
250306	15:25:33	76948d6b-918c-49bb-9197-70351c2bd39d	PATCH	/users	undefined
250306	15:25:58	392897bc-61bc-4814-864f-b18b2592b800	PATCH	/users	undefined
250306	15:26:31	75873c6b-b5c5-4978-a18b-9dc9abbc1036	PATCH	/users	undefined
250306	15:26:51	fd178927-b099-40c0-9a71-58f988896f76	PATCH	/users	undefined
250306	15:27:00	327c55c9-2a4e-4b44-a22d-98c0baa44f99	GET	/users	undefined
250306	15:27:23	fd8454bc-604c-4b78-9110-80025cc4bbdb	PATCH	/users	undefined
250306	15:27:42	339ccf6b-ab0d-4a9f-a5dd-ed1f280c66a2	GET	/users	undefined
250306	15:27:55	ec6a1f48-ebfe-4aa9-bed9-717169134696	PATCH	/users	undefined
250306	15:28:32	1a483e85-dd4b-41e7-a643-e69b0d80bf33	PATCH	/users	undefined
250306	15:29:16	34517b8f-7f1f-464d-b0b3-3b2a6b5ba03c	PATCH	/users	undefined
250306	15:29:32	3575302c-bbd9-459c-8638-6443aeec2c58	PATCH	/users	undefined
250306	15:30:32	89534527-258b-4d3e-b4ee-d10d7c5beff7	POST	/users	undefined
250306	15:30:35	da84c23e-b909-454f-a57f-394a8786f581	GET	/users	undefined
250306	15:31:10	ecb42e7e-f5ba-4000-9485-b15045eaadc0	PATCH	/users	undefined
250306	15:32:49	9f6d626d-2a86-40d9-bc9d-85d8c67cc5f4	DELETE	/users	undefined
250306	15:34:21	709513cd-a91c-4422-b7a1-027a95429e99	DELETE	/users	undefined
250306	15:34:40	9422e36f-3708-42fa-bcc1-d80c75092d5c	DELETE	/users	undefined
250306	15:35:13	2108521d-a32e-45b4-8839-f0ea4a980a29	DELETE	/users	undefined
250306	15:35:22	1e38e13c-e44c-4c8a-9bf5-c66a61fbf13e	DELETE	/users	undefined
250306	15:35:55	9eb45e6f-a4be-47b3-b258-92e8403dd8e7	DELETE	/users	undefined
250306	15:37:06	ec7d77ab-d584-4ef7-9dd7-0410b1632cf6	GET	/users	undefined
250306	15:37:28	c1ede057-5f64-47ad-9093-e727e0c2625f	POST	/users	undefined
250306	15:37:35	06753691-e2db-4e1a-a4fc-7f0470f90105	GET	/users	undefined
250306	15:37:49	8c877d80-dd12-4778-afce-19bc14e01bd5	GET	/users	undefined
250306	15:37:54	f17a91fe-7a28-4062-8846-ee126ff4f50d	DELETE	/users	undefined
250306	15:38:15	9521ddeb-4c49-4347-b406-3f8d9d9fa432	DELETE	/users	undefined
250306	15:39:36	29128d61-9931-4065-a628-5d5eb55df2f4	POST	/users	undefined
250306	15:39:44	a46b52f4-17a1-4ec8-a92a-ebb971302251	DELETE	/users	undefined
250306	15:39:48	236145c2-17ff-42d0-b099-37c13fa0cb91	GET	/users	undefined
250306	15:39:57	4d3997df-2cf7-4721-94bd-4bf5ca977306	GET	/users	undefined
250306	15:40:01	cabf925b-4716-40ee-ae00-b3d7461de81a	DELETE	/users	undefined
250306	15:41:18	fe7d7209-abf8-4ddd-a408-160b53e0d451	POST	/users	undefined
250306	15:41:21	3383ee06-0487-4c8e-8756-fc2e59b5482a	DELETE	/users	undefined
250306	15:41:26	08f20cdb-5a43-4916-91c0-9dfee9cef29c	GET	/users	undefined
250306	15:41:34	90c1b0c6-b1f0-456a-b1c5-e2137b985332	DELETE	/users	undefined
250306	15:41:51	ea57701b-55e1-4d52-86fb-e2940f0d5708	POST	/users	undefined
250306	15:41:54	e19e42da-5816-4698-b9d1-3c9513e10c9f	GET	/users	undefined
250306	15:42:04	b4fe6700-90c1-4d9c-825c-c236f1522b16	DELETE	/users	undefined
250306	15:42:34	5067d79f-468c-4b56-b817-203b47932a14	GET	/users	undefined
250306	15:42:41	5be5e800-d146-4b7d-83bf-d7f9ad4a6080	DELETE	/users	undefined
250306	15:42:44	6cb27c46-edb1-4893-8378-2810d8cf8447	GET	/users	undefined
250306	17:40:35	88060a1b-ff33-4ce8-a825-ec9b26401230	GET	/notes	undefined
250306	17:40:53	52502ea2-e616-40b6-b256-c0324cf31791	GET	/users	undefined
250306	17:42:56	9a83b5eb-0c19-43ed-83b3-617bc21f542d	GET	/notes	undefined
250306	17:43:38	192198ae-d779-4c2c-8142-c6980d8c720e	POST	/notes	undefined
250306	17:43:52	d3693abe-30a0-45c5-8c1b-00ab48c14d56	GET	/users	undefined
250306	17:43:57	734e47e4-97b3-4c3b-bde9-7a22e4218890	GET	/users	undefined
250306	17:44:00	c24a27c8-ce20-414f-b757-2006d90de001	GET	/users	undefined
250306	17:44:18	ad37bb2f-2ad7-4ffb-969d-40833d0c8229	POST	/notes	undefined
250306	17:44:54	af46a90e-21fc-422a-ab4e-838f2659a703	POST	/notes	undefined
250306	17:51:45	3d521553-c703-4c3c-a6cd-f4ffdf2ecd22	POST	/notes	undefined
250306	17:52:30	63575114-5959-429f-a345-628756f499b3	POST	/notes	undefined
250306	17:52:55	94dc9734-32ea-4056-b094-12660ccbee70	GET	/notes	undefined
250306	17:53:04	5d116aa8-588a-4eec-9a6c-f421d94239da	POST	/notes	undefined
250306	17:56:48	dbc5ba9a-91ce-4822-b578-70d6e53508df	POST	/notes	undefined
250306	17:56:52	9c48a30c-6edf-4769-98f1-84db09ea0783	GET	/notes	undefined
250306	17:58:05	e2a1af94-ac4d-4929-93ad-9b1970899f6f	GET	/user	undefined
250306	17:58:16	c53f0131-6669-4b47-bbb9-f501e28b4ada	GET	/users	undefined
250306	17:58:53	241bb89b-069b-459f-bc89-c10ae91df6de	POST	/users	undefined
250306	17:58:58	fb91dade-ea52-4720-afe2-9a2eeb5e4b2e	GET	/users	undefined
250306	17:59:12	5c5e44c9-014a-4e02-b3e2-2825e9ec88be	GET	/notes	undefined
250306	17:59:47	8036973d-9397-4b58-9802-59255f5c587d	POST	/notes	undefined
250306	18:00:45	dbce9ae3-4f06-420d-9918-fb885bb7f4b2	GET	/users	undefined
250306	18:22:25	09b5cad2-bec2-48b6-8049-814137ad4913	GET	/users	undefined
250306	18:22:38	c010d6e8-5f8d-47e7-9a3d-0313e940214d	POST	/notes	undefined
250306	18:27:28	e25087be-8a15-4be2-9b5c-57d9be43fcc1	GET	/notes	undefined
250306	18:27:48	6a9ce87d-8375-4675-95be-fdcb2e113528	GET	/users	undefined
250306	18:28:04	94f1c22d-95aa-408b-ab82-37ab68ad1ebd	POST	/notes	undefined
250306	18:29:35	81929a59-389b-41e8-925d-4ec0227709b9	POST	/notes	undefined
250306	18:29:49	497a4253-90da-4308-8f43-d56f3ff288a2	GET	/notes	undefined
250306	18:31:42	fabca4ab-c34f-40d5-817f-129e1cc7bba3	GET	/users	undefined
250306	18:31:47	cf201c7b-32f2-4fb4-a884-bfd51daaf204	GET	/notes	undefined
250306	18:39:11	6e8aa72f-1f6f-4239-b232-18f9ae5c2ddd	GET	/notes	undefined
250306	18:39:36	9602a4d6-8ff1-4acb-809e-adf00af555dd	PATCH	/notes	undefined
250306	18:39:53	3adb08a0-e962-46d2-8fa6-7b575040e80e	GET	/notes	undefined
250306	18:40:10	bbef7a21-9ba9-41a1-b02e-003f8d2b3465	PATCH	/notes	undefined
250306	18:40:29	45ccdefb-6ccb-4dad-8af8-91a33996d5dc	PATCH	/notes	undefined
250306	18:41:41	e5a9c966-116d-4211-a7ed-d5b74e1b600f	GET	/notes	undefined
250306	18:42:32	f2bb4aa2-dbe7-4c90-971f-3b24d414d702	DELETE	/notes	undefined
250306	18:42:36	48aa9a27-61aa-46fa-b74c-5e4b371e518b	GET	/notes	undefined
250306	18:42:43	be52ff2a-001a-4127-935a-1a7d514e425b	GET	/notes	undefined
250306	18:42:48	17882742-6202-47d4-bd2a-db0bebc6ff14	DELETE	/notes	undefined
250306	18:42:51	4af27985-c494-4f57-9376-1bd81391aabf	GET	/notes	undefined
250306	18:43:07	da896ae5-0318-455c-9a0e-f8b17bbf9842	GET	/notes	undefined
250306	18:43:10	16d4daf6-5e0e-4705-bca9-1f27530e359d	DELETE	/notes	undefined
250306	18:43:14	6bea7680-391b-4d17-8df7-0ab16b7bde1a	GET	/notes	undefined
250306	18:43:25	53e4b3d3-da8c-42bd-8c4f-3cb3d6c4382f	GET	/users	undefined
250306	18:43:48	4d4a6f0f-a053-4497-a876-d28bcd3e7810	POST	/notes	undefined
250306	18:44:09	3703006c-69ee-462d-844a-b3dde0cc53cd	POST	/notes	undefined
250306	18:44:15	ed2b6d2b-a58d-4d39-b8bd-005d00a8b8c0	GET	/notes	undefined
250306	18:45:27	78296ee7-6290-46dd-b013-87de899b679b	PATCH	/notes	undefined
250306	18:45:31	393c9122-3197-44f2-b28f-d96533879a5c	GET	/notes	undefined
